<?xml version="1.0" encoding="utf-8"?><testsuites name="pytest tests"><testsuite name="pytest" errors="0" failures="0" skipped="0" tests="38" time="19.029" timestamp="2025-08-20T17:05:47.866202-04:00" hostname="GH_ThinkPad1"><testcase classname="tests.test_int_query" name="test_valid_csv_exist" time="0.002" /><testcase classname="tests.test_int_query" name="test_empty_csv_exist" time="0.001" /><testcase classname="tests.test_int_query" name="test_brainbox_api_query_ok_csv" time="2.113" /><testcase classname="tests.test_int_query" name="test_brainbox_api_query_empty_csv" time="2.086" /><testcase classname="tests.test_int_upload" name="test_brainbox_api_upload_ok_csv" time="2.052" /><testcase classname="tests.test_int_upload" name="test_brainbox_api_upload_fail_missing_col_csv" time="2.045" /><testcase classname="tests.test_int_upload" name="test_brainbox_api_upload_empty_csv" time="2.040" /><testcase classname="tests.test_int_validate" name="test_valid_csv_exist" time="0.007" /><testcase classname="tests.test_int_validate" name="test_invalid_csv_exist" time="0.007" /><testcase classname="tests.test_int_validate" name="test_invalid2_csv_exist" time="0.007" /><testcase classname="tests.test_int_validate" name="test_empty_csv_exist" time="0.005" /><testcase classname="tests.test_int_validate" name="test_brainbox_api_validate_ok_csv" time="2.048" /><testcase classname="tests.test_int_validate" name="test_brainbox_api_validate_fail_missing_col_csv" time="2.041" /><testcase classname="tests.test_int_validate" name="test_brainbox_api_validate_fail_wrong_datatype_csv" time="2.052" /><testcase classname="tests.test_int_validate" name="test_brainbox_api_validate_empty_csv" time="2.053" /><testcase classname="tests.test_unit_upload" name="test_post_upload_csv_ok_one_datarow" time="0.004" /><testcase classname="tests.test_unit_upload" name="test_post_upload_csv_ok_multiple_datarow" time="0.004" /><testcase classname="tests.test_unit_upload" name="test_post_upload_csv_ok_zero_datarow" time="0.005" /><testcase classname="tests.test_unit_upload" name="test_post_upload_csv_fail_empty_file" time="0.003" /><testcase classname="tests.test_unit_upload" name="test_post_upload_csv_fail_missing_col" time="0.004" /><testcase classname="tests.test_unit_upload" name="test_post_upload_csv_fail_nonexist_file" time="0.003" /><testcase classname="tests.test_unit_validate" name="test_post_validate_csv_ok_one_datarow" time="0.003" /><testcase classname="tests.test_unit_validate" name="test_post_validate_csv_ok_multiple_datarow" time="0.004" /><testcase classname="tests.test_unit_validate" name="test_post_validate_csv_ok_zero_datarow" time="0.005" /><testcase classname="tests.test_unit_validate" name="test_post_validate_csv_fail_empty_file" time="0.003" /><testcase classname="tests.test_unit_validate" name="test_post_validate_csv_fail_nonexist_file" time="0.002" /><testcase classname="tests.test_unit_validate" name="test_post_validate_csv_fail_missing_col_bill_id" time="0.003" /><testcase classname="tests.test_unit_validate" name="test_post_validate_csv_fail_missing_col_meter_id" time="0.003" /><testcase classname="tests.test_unit_validate" name="test_post_validate_csv_fail_missing_col_usage_type" time="0.003" /><testcase classname="tests.test_unit_validate" name="test_post_validate_csv_fail_missing_col_building_id" time="0.004" /><testcase classname="tests.test_unit_validate" name="test_post_validate_csv_fail_missing_col_start_date" time="0.004" /><testcase classname="tests.test_unit_validate" name="test_post_validate_csv_fail_missing_col_end_date" time="0.003" /><testcase classname="tests.test_unit_validate" name="test_post_validate_csv_fail_wrongtype_col_bill_id" time="0.003" /><testcase classname="tests.test_unit_validate" name="test_post_validate_csv_fail_wrongtype_col_meter_id" time="0.004" /><testcase classname="tests.test_unit_validate" name="test_post_validate_csv_fail_wrongtype_col_usage_type" time="0.003" /><testcase classname="tests.test_unit_validate" name="test_post_validate_csv_fail_wrongtype_col_building_id" time="0.004" /><testcase classname="tests.test_unit_validate" name="test_post_validate_csv_fail_wrongtype_col_start_date" time="0.003" /><testcase classname="tests.test_unit_validate" name="test_post_validate_csv_fail_wrongtype_col_end_date" time="0.003" /></testsuite></testsuites>