<?xml version="1.0" encoding="utf-8"?><testsuites name="pytest tests"><testsuite name="pytest" errors="0" failures="0" skipped="0" tests="18" time="16.862" timestamp="2025-08-20T00:05:54.998117-04:00" hostname="GH_ThinkPad1"><testcase classname="tests.test_int_query" name="test_valid_csv_exist" time="0.002" /><testcase classname="tests.test_int_query" name="test_empty_csv_exist" time="0.002" /><testcase classname="tests.test_int_query" name="test_brainbox_api_query_ok_csv" time="2.130" /><testcase classname="tests.test_int_query" name="test_brainbox_api_query_empty_csv" time="2.101" /><testcase classname="tests.test_int_upload" name="test_valid_csv_exist" time="0.008" /><testcase classname="tests.test_int_upload" name="test_invalid_csv_exist" time="0.004" /><testcase classname="tests.test_int_upload" name="test_empty_csv_exist" time="0.004" /><testcase classname="tests.test_int_upload" name="test_brainbox_api_upload_ok_csv" time="2.057" /><testcase classname="tests.test_int_upload" name="test_brainbox_api_upload_bad_csv" time="2.049" /><testcase classname="tests.test_int_upload" name="test_brainbox_api_upload_empty_csv" time="2.046" /><testcase classname="tests.test_int_validate" name="test_valid_csv_exist" time="0.004" /><testcase classname="tests.test_int_validate" name="test_invalid_csv_exist" time="0.002" /><testcase classname="tests.test_int_validate" name="test_empty_csv_exist" time="0.001" /><testcase classname="tests.test_int_validate" name="test_brainbox_api_validate_ok_csv" time="2.039" /><testcase classname="tests.test_int_validate" name="test_brainbox_api_validate_bad_csv" time="2.039" /><testcase classname="tests.test_int_validate" name="test_brainbox_api_validate_empty_csv" time="2.041" /><testcase classname="tests.test_unit_upload" name="test_post_upload_csv" time="0.012" /><testcase classname="tests.test_unit_validate" name="test_post_validate_csv" time="0.005" /></testsuite></testsuites>