<?xml version="1.0" encoding="utf-8"?><testsuites name="pytest tests"><testsuite name="pytest" errors="0" failures="0" skipped="0" tests="16" time="16.864" timestamp="2025-08-19T21:00:08.844009-04:00" hostname="GH_ThinkPad1"><testcase classname="tests.test_int_query" name="test_valid_csv_exist" time="0.002" /><testcase classname="tests.test_int_query" name="test_empty_csv_exist" time="0.001" /><testcase classname="tests.test_int_query" name="test_brainbox_api_query_ok_csv" time="2.101" /><testcase classname="tests.test_int_query" name="test_brainbox_api_query_empty_csv" time="2.108" /><testcase classname="tests.test_int_upload" name="test_valid_csv_exist" time="0.003" /><testcase classname="tests.test_int_upload" name="test_invalid_csv_exist" time="0.002" /><testcase classname="tests.test_int_upload" name="test_empty_csv_exist" time="0.001" /><testcase classname="tests.test_int_upload" name="test_brainbox_api_upload_ok_csv" time="2.053" /><testcase classname="tests.test_int_upload" name="test_brainbox_api_upload_bad_csv" time="2.042" /><testcase classname="tests.test_int_upload" name="test_brainbox_api_upload_empty_csv" time="2.050" /><testcase classname="tests.test_int_validate" name="test_valid_csv_exist" time="0.005" /><testcase classname="tests.test_int_validate" name="test_invalid_csv_exist" time="0.004" /><testcase classname="tests.test_int_validate" name="test_empty_csv_exist" time="0.005" /><testcase classname="tests.test_int_validate" name="test_brainbox_api_validate_ok_csv" time="2.052" /><testcase classname="tests.test_int_validate" name="test_brainbox_api_validate_bad_csv" time="2.040" /><testcase classname="tests.test_int_validate" name="test_brainbox_api_validate_empty_csv" time="2.059" /></testsuite></testsuites>